Arguments: 
  /usr/local/Cellar/node/17.6.0_1/bin/node /usr/local/Cellar/yarn/1.22.17_2/libexec/bin/yarn.js run dev

PATH: 
  /opt/homebrew/bin:/opt/homebrew/sbin:/usr/local/bin:/usr/bin:/bin:/usr/sbin:/sbin:/Library/Apple/usr/bin:/opt/homebrew/bin:/opt/homebrew/sbin:/Users/sivareddy/.fig/bin:/Users/sivareddy/.local/bin

Yarn version: 
  1.22.17

Node version: 
  17.6.0

Platform: 
  darwin x64

Trace: 
  SyntaxError: /Users/sivareddy/Documents/mukund/package.json: Unexpected token } in JSON at position 560
      at JSON.parse (<anonymous>)
      at /usr/local/Cellar/yarn/1.22.17_2/libexec/lib/cli.js:1625:59
      at Generator.next (<anonymous>)
      at step (/usr/local/Cellar/yarn/1.22.17_2/libexec/lib/cli.js:310:30)
      at /usr/local/Cellar/yarn/1.22.17_2/libexec/lib/cli.js:321:13

npm manifest: 
  {
    "name": "cinema-manager",
    "version": "1.0.0",
    "description": "This is an application that works as the core cinema manager",
    "main": "server.ts",
    "license": "MIT",
    "devDependencies": {
      "@tsconfig/node17": "^1.0.3",
      "@types/express": "^4.17.17",
      "@types/node": "^20.2.5",
      "typescript": "^5.0.4"
    },
    "scripts": {
      "start": "NODE_PATH=$NODE_PATH:./src nodemon --exec babel-node src/index.ts",
      "tsc": "tsc --traceResolution",
      "dev": "NODE_PATH=$NODE_PATH:./src ts-node-dev --respawn --transpile-only ./src/server.ts",
    }
  }

yarn manifest: 
  No manifest

Lockfile: 
  # THIS IS AN AUTOGENERATED FILE. DO NOT EDIT THIS FILE DIRECTLY.
  # yarn lockfile v1
  
  
  "@tsconfig/node17@^1.0.3":
    "integrity" "sha512-hgCBRFxS8grt7H1zfUeRdNvGzL3ZETTszOHJ5o5Hr/XBpqrWcMb0Ufec9kJK3zCL2DJ4bflH3VxHF/cESEYF+w=="
    "resolved" "https://registry.npmjs.org/@tsconfig/node17/-/node17-1.0.3.tgz"
    "version" "1.0.3"
  
  "@types/body-parser@*":
    "integrity" "sha512-ALYone6pm6QmwZoAgeyNksccT9Q4AWZQ6PvfwR37GT6r6FWUPguq6sUmNGSMV2Wr761oQoBxwGGa6DR5o1DC9g=="
    "resolved" "https://registry.npmjs.org/@types/body-parser/-/body-parser-1.19.2.tgz"
    "version" "1.19.2"
    dependencies:
      "@types/connect" "*"
      "@types/node" "*"
  
  "@types/connect@*":
    "integrity" "sha512-cdeYyv4KWoEgpBISTxWvqYsVy444DOqehiF3fM3ne10AmJ62RSyNkUnxMJXHQWRQQX2eR94m5y1IZyDwBjV9FQ=="
    "resolved" "https://registry.npmjs.org/@types/connect/-/connect-3.4.35.tgz"
    "version" "3.4.35"
    dependencies:
      "@types/node" "*"
  
  "@types/express-serve-static-core@^4.17.33":
    "integrity" "sha512-wALWQwrgiB2AWTT91CB62b6Yt0sNHpznUXeZEcnPU3DRdlDIz74x8Qg1UUYKSVFi+va5vKOLYRBI1bRKiLLKIg=="
    "resolved" "https://registry.npmjs.org/@types/express-serve-static-core/-/express-serve-static-core-4.17.35.tgz"
    "version" "4.17.35"
    dependencies:
      "@types/node" "*"
      "@types/qs" "*"
      "@types/range-parser" "*"
      "@types/send" "*"
  
  "@types/express@^4.17.17":
    "integrity" "sha512-Q4FmmuLGBG58btUnfS1c1r/NQdlp3DMfGDGig8WhfpA2YRUtEkxAjkZb0yvplJGYdF1fsQ81iMDcH24sSCNC/Q=="
    "resolved" "https://registry.npmjs.org/@types/express/-/express-4.17.17.tgz"
    "version" "4.17.17"
    dependencies:
      "@types/body-parser" "*"
      "@types/express-serve-static-core" "^4.17.33"
      "@types/qs" "*"
      "@types/serve-static" "*"
  
  "@types/mime@*", "@types/mime@^1":
    "integrity" "sha512-YATxVxgRqNH6nHEIsvg6k2Boc1JHI9ZbH5iWFFv/MTkchz3b1ieGDa5T0a9RznNdI0KhVbdbWSN+KWWrQZRxTw=="
    "resolved" "https://registry.npmjs.org/@types/mime/-/mime-1.3.2.tgz"
    "version" "1.3.2"
  
  "@types/node@*", "@types/node@^20.2.5":
    "integrity" "sha512-JJulVEQXmiY9Px5axXHeYGLSjhkZEnD+MDPDGbCbIAbMslkKwmygtZFy1X6s/075Yo94sf8GuSlFfPzysQrWZQ=="
    "resolved" "https://registry.npmjs.org/@types/node/-/node-20.2.5.tgz"
    "version" "20.2.5"
  
  "@types/qs@*":
    "integrity" "sha512-FGa1F62FT09qcrueBA6qYTrJPVDzah9a+493+o2PCXsesWHIn27G98TsSMs3WPNbZIEj4+VJf6saSFpvD+3Zsw=="
    "resolved" "https://registry.npmjs.org/@types/qs/-/qs-6.9.7.tgz"
    "version" "6.9.7"
  
  "@types/range-parser@*":
    "integrity" "sha512-EEhsLsD6UsDM1yFhAvy0Cjr6VwmpMWqFBCb9w07wVugF7w9nfajxLuVmngTIpgS6svCnm6Vaw+MZhoDCKnOfsw=="
    "resolved" "https://registry.npmjs.org/@types/range-parser/-/range-parser-1.2.4.tgz"
    "version" "1.2.4"
  
  "@types/send@*":
    "integrity" "sha512-Cwo8LE/0rnvX7kIIa3QHCkcuF21c05Ayb0ZfxPiv0W8VRiZiNW/WuRupHKpqqGVGf7SUA44QSOUKaEd9lIrd/Q=="
    "resolved" "https://registry.npmjs.org/@types/send/-/send-0.17.1.tgz"
    "version" "0.17.1"
    dependencies:
      "@types/mime" "^1"
      "@types/node" "*"
  
  "@types/serve-static@*":
    "integrity" "sha512-NUo5XNiAdULrJENtJXZZ3fHtfMolzZwczzBbnAeBbqBwG+LaG6YaJtuwzwGSQZ2wsCrxjEhNNjAkKigy3n8teQ=="
    "resolved" "https://registry.npmjs.org/@types/serve-static/-/serve-static-1.15.1.tgz"
    "version" "1.15.1"
    dependencies:
      "@types/mime" "*"
      "@types/node" "*"
  
  "typescript@^5.0.4":
    "integrity" "sha512-cW9T5W9xY37cc+jfEnaUvX91foxtHkza3Nw3wkoF4sSlKn0MONdkdEndig/qPBWXNkmplh3NzayQzCiHM4/hqw=="
    "resolved" "https://registry.npmjs.org/typescript/-/typescript-5.0.4.tgz"
    "version" "5.0.4"
